<?xml version="1.0" encoding="UTF-8"?>
<!-- Generated by org.testng.reporters.JUnitReportReporter -->
<testsuite skipped="0" hostname="DESKTOP-KGTDLIF" name="SeliuniumTests.SeliniumTestsFrontEnd" tests="1" failures="0" timestamp="2020-04-11T21:04:02 IST" time="12.983" errors="0">
  <testcase name="testCreateBook" time="12.983" classname="SeliuniumTests.SeliniumTestsFrontEnd"/>
</testsuite> <!-- SeliuniumTests.SeliniumTestsFrontEnd -->
